<?xml version="1.0" encoding="UTF-8"?>
<testng-results ignored="0" total="173" passed="173" failed="0" skipped="0">
  <reporter-output>
  </reporter-output>
  <suite started-at="2023-07-31T23:43:49 CDT" name="Default suite" finished-at="2023-07-31T23:46:20 CDT" duration-ms="150823">
    <groups>
      <group name="cucumber">
        <method signature="AbstractTestNGCucumberTests.runScenario(io.cucumber.testng.PickleWrapper,io.cucumber.testng.FeatureWrapper)[pri:0, instance:testrunners.MyTestRunner@5fbe4146]" name="runScenario" class="io.cucumber.testng.AbstractTestNGCucumberTests"/>
      </group> <!-- cucumber -->
    </groups>
    <test started-at="2023-07-31T23:43:49 CDT" name="Default test" finished-at="2023-07-31T23:46:20 CDT" duration-ms="150823">
      <class name="testrunners.MyTestRunner">
        <test-method is-config="true" signature="setUpClass(org.testng.ITestContext)[pri:0, instance:testrunners.MyTestRunner@5fbe4146]" started-at="2023-07-31T23:43:49 CDT" name="setUpClass" finished-at="2023-07-31T23:43:57 CDT" duration-ms="8067" status="PASS">
          <params>
            <param index="0">
              <value>
                <![CDATA[org.testng.TestRunner@4721485]]>
              </value>
            </param>
          </params>
          <reporter-output>
          </reporter-output>
        </test-method> <!-- setUpClass -->
        <test-method signature="runScenario(io.cucumber.testng.PickleWrapper,io.cucumber.testng.FeatureWrapper)[pri:0, instance:testrunners.MyTestRunner@5fbe4146]" started-at="2023-07-31T23:43:57 CDT" name="runScenario" description="Runs Cucumber Scenarios" data-provider="scenarios" finished-at="2023-07-31T23:43:59 CDT" duration-ms="1714" status="PASS">
          <params>
            <param index="0">
              <value>
                <![CDATA["User launch home page of an dsalgo project"]]>
              </value>
            </param>
            <param index="1">
              <value>
                <![CDATA["DS-Algo Home Page feature"]]>
              </value>
            </param>
          </params>
          <reporter-output>
          </reporter-output>
        </test-method> <!-- runScenario -->
        <test-method signature="runScenario(io.cucumber.testng.PickleWrapper,io.cucumber.testng.FeatureWrapper)[pri:0, instance:testrunners.MyTestRunner@5fbe4146]" started-at="2023-07-31T23:43:59 CDT" name="runScenario" description="Runs Cucumber Scenarios" data-provider="scenarios" finished-at="2023-07-31T23:43:59 CDT" duration-ms="630" status="PASS">
          <params>
            <param index="0">
              <value>
                <![CDATA["User is on Home page and click getstarted link on  home page without sign in"]]>
              </value>
            </param>
            <param index="1">
              <value>
                <![CDATA["DS-Algo Home Page feature"]]>
              </value>
            </param>
          </params>
          <reporter-output>
          </reporter-output>
        </test-method> <!-- runScenario -->
        <test-method signature="runScenario(io.cucumber.testng.PickleWrapper,io.cucumber.testng.FeatureWrapper)[pri:0, instance:testrunners.MyTestRunner@5fbe4146]" started-at="2023-07-31T23:43:59 CDT" name="runScenario" description="Runs Cucumber Scenarios" data-provider="scenarios" finished-at="2023-07-31T23:44:00 CDT" duration-ms="554" status="PASS">
          <params>
            <param index="0">
              <value>
                <![CDATA["User is on Home page and click getstarted link on  home page without sign in"]]>
              </value>
            </param>
            <param index="1">
              <value>
                <![CDATA["DS-Algo Home Page feature"]]>
              </value>
            </param>
          </params>
          <reporter-output>
          </reporter-output>
        </test-method> <!-- runScenario -->
        <test-method signature="runScenario(io.cucumber.testng.PickleWrapper,io.cucumber.testng.FeatureWrapper)[pri:0, instance:testrunners.MyTestRunner@5fbe4146]" started-at="2023-07-31T23:44:00 CDT" name="runScenario" description="Runs Cucumber Scenarios" data-provider="scenarios" finished-at="2023-07-31T23:44:01 CDT" duration-ms="628" status="PASS">
          <params>
            <param index="0">
              <value>
                <![CDATA["User is on Home page and click getstarted link on  home page without sign in"]]>
              </value>
            </param>
            <param index="1">
              <value>
                <![CDATA["DS-Algo Home Page feature"]]>
              </value>
            </param>
          </params>
          <reporter-output>
          </reporter-output>
        </test-method> <!-- runScenario -->
        <test-method signature="runScenario(io.cucumber.testng.PickleWrapper,io.cucumber.testng.FeatureWrapper)[pri:0, instance:testrunners.MyTestRunner@5fbe4146]" started-at="2023-07-31T23:44:01 CDT" name="runScenario" description="Runs Cucumber Scenarios" data-provider="scenarios" finished-at="2023-07-31T23:44:01 CDT" duration-ms="401" status="PASS">
          <params>
            <param index="0">
              <value>
                <![CDATA["User is on Home page and click getstarted link on  home page without sign in"]]>
              </value>
            </param>
            <param index="1">
              <value>
                <![CDATA["DS-Algo Home Page feature"]]>
              </value>
            </param>
          </params>
          <reporter-output>
          </reporter-output>
        </test-method> <!-- runScenario -->
        <test-method signature="runScenario(io.cucumber.testng.PickleWrapper,io.cucumber.testng.FeatureWrapper)[pri:0, instance:testrunners.MyTestRunner@5fbe4146]" started-at="2023-07-31T23:44:01 CDT" name="runScenario" description="Runs Cucumber Scenarios" data-provider="scenarios" finished-at="2023-07-31T23:44:01 CDT" duration-ms="424" status="PASS">
          <params>
            <param index="0">
              <value>
                <![CDATA["User is on Home page and click getstarted link on  home page without sign in"]]>
              </value>
            </param>
            <param index="1">
              <value>
                <![CDATA["DS-Algo Home Page feature"]]>
              </value>
            </param>
          </params>
          <reporter-output>
          </reporter-output>
        </test-method> <!-- runScenario -->
        <test-method signature="runScenario(io.cucumber.testng.PickleWrapper,io.cucumber.testng.FeatureWrapper)[pri:0, instance:testrunners.MyTestRunner@5fbe4146]" started-at="2023-07-31T23:44:01 CDT" name="runScenario" description="Runs Cucumber Scenarios" data-provider="scenarios" finished-at="2023-07-31T23:44:02 CDT" duration-ms="480" status="PASS">
          <params>
            <param index="0">
              <value>
                <![CDATA["User is on Home page and click getstarted link on  home page without sign in"]]>
              </value>
            </param>
            <param index="1">
              <value>
                <![CDATA["DS-Algo Home Page feature"]]>
              </value>
            </param>
          </params>
          <reporter-output>
          </reporter-output>
        </test-method> <!-- runScenario -->
        <test-method signature="runScenario(io.cucumber.testng.PickleWrapper,io.cucumber.testng.FeatureWrapper)[pri:0, instance:testrunners.MyTestRunner@5fbe4146]" started-at="2023-07-31T23:44:02 CDT" name="runScenario" description="Runs Cucumber Scenarios" data-provider="scenarios" finished-at="2023-07-31T23:44:02 CDT" duration-ms="137" status="PASS">
          <params>
            <param index="0">
              <value>
                <![CDATA["User is on Home page and click getstarted link on  home page without sign in"]]>
              </value>
            </param>
            <param index="1">
              <value>
                <![CDATA["DS-Algo Home Page feature"]]>
              </value>
            </param>
          </params>
          <reporter-output>
          </reporter-output>
        </test-method> <!-- runScenario -->
        <test-method signature="runScenario(io.cucumber.testng.PickleWrapper,io.cucumber.testng.FeatureWrapper)[pri:0, instance:testrunners.MyTestRunner@5fbe4146]" started-at="2023-07-31T23:44:02 CDT" name="runScenario" description="Runs Cucumber Scenarios" data-provider="scenarios" finished-at="2023-07-31T23:44:03 CDT" duration-ms="532" status="PASS">
          <params>
            <param index="0">
              <value>
                <![CDATA["User is on Home page and click on dropdown without sign in"]]>
              </value>
            </param>
            <param index="1">
              <value>
                <![CDATA["DS-Algo Home Page feature"]]>
              </value>
            </param>
          </params>
          <reporter-output>
          </reporter-output>
        </test-method> <!-- runScenario -->
        <test-method signature="runScenario(io.cucumber.testng.PickleWrapper,io.cucumber.testng.FeatureWrapper)[pri:0, instance:testrunners.MyTestRunner@5fbe4146]" started-at="2023-07-31T23:44:03 CDT" name="runScenario" description="Runs Cucumber Scenarios" data-provider="scenarios" finished-at="2023-07-31T23:44:03 CDT" duration-ms="471" status="PASS">
          <params>
            <param index="0">
              <value>
                <![CDATA["User is on Home page and click on dropdown without sign in"]]>
              </value>
            </param>
            <param index="1">
              <value>
                <![CDATA["DS-Algo Home Page feature"]]>
              </value>
            </param>
          </params>
          <reporter-output>
          </reporter-output>
        </test-method> <!-- runScenario -->
        <test-method signature="runScenario(io.cucumber.testng.PickleWrapper,io.cucumber.testng.FeatureWrapper)[pri:0, instance:testrunners.MyTestRunner@5fbe4146]" started-at="2023-07-31T23:44:03 CDT" name="runScenario" description="Runs Cucumber Scenarios" data-provider="scenarios" finished-at="2023-07-31T23:44:04 CDT" duration-ms="474" status="PASS">
          <params>
            <param index="0">
              <value>
                <![CDATA["User is on Home page and click on dropdown without sign in"]]>
              </value>
            </param>
            <param index="1">
              <value>
                <![CDATA["DS-Algo Home Page feature"]]>
              </value>
            </param>
          </params>
          <reporter-output>
          </reporter-output>
        </test-method> <!-- runScenario -->
        <test-method signature="runScenario(io.cucumber.testng.PickleWrapper,io.cucumber.testng.FeatureWrapper)[pri:0, instance:testrunners.MyTestRunner@5fbe4146]" started-at="2023-07-31T23:44:04 CDT" name="runScenario" description="Runs Cucumber Scenarios" data-provider="scenarios" finished-at="2023-07-31T23:44:04 CDT" duration-ms="471" status="PASS">
          <params>
            <param index="0">
              <value>
                <![CDATA["User is on Home page and click on dropdown without sign in"]]>
              </value>
            </param>
            <param index="1">
              <value>
                <![CDATA["DS-Algo Home Page feature"]]>
              </value>
            </param>
          </params>
          <reporter-output>
          </reporter-output>
        </test-method> <!-- runScenario -->
        <test-method signature="runScenario(io.cucumber.testng.PickleWrapper,io.cucumber.testng.FeatureWrapper)[pri:0, instance:testrunners.MyTestRunner@5fbe4146]" started-at="2023-07-31T23:44:04 CDT" name="runScenario" description="Runs Cucumber Scenarios" data-provider="scenarios" finished-at="2023-07-31T23:44:05 CDT" duration-ms="509" status="PASS">
          <params>
            <param index="0">
              <value>
                <![CDATA["User is on Home page and click on dropdown without sign in"]]>
              </value>
            </param>
            <param index="1">
              <value>
                <![CDATA["DS-Algo Home Page feature"]]>
              </value>
            </param>
          </params>
          <reporter-output>
          </reporter-output>
        </test-method> <!-- runScenario -->
        <test-method signature="runScenario(io.cucumber.testng.PickleWrapper,io.cucumber.testng.FeatureWrapper)[pri:0, instance:testrunners.MyTestRunner@5fbe4146]" started-at="2023-07-31T23:44:05 CDT" name="runScenario" description="Runs Cucumber Scenarios" data-provider="scenarios" finished-at="2023-07-31T23:44:05 CDT" duration-ms="570" status="PASS">
          <params>
            <param index="0">
              <value>
                <![CDATA["User is on Home page and click on dropdown without sign in"]]>
              </value>
            </param>
            <param index="1">
              <value>
                <![CDATA["DS-Algo Home Page feature"]]>
              </value>
            </param>
          </params>
          <reporter-output>
          </reporter-output>
        </test-method> <!-- runScenario -->
        <test-method signature="runScenario(io.cucumber.testng.PickleWrapper,io.cucumber.testng.FeatureWrapper)[pri:0, instance:testrunners.MyTestRunner@5fbe4146]" started-at="2023-07-31T23:44:05 CDT" name="runScenario" description="Runs Cucumber Scenarios" data-provider="scenarios" finished-at="2023-07-31T23:44:06 CDT" duration-ms="697" status="PASS">
          <params>
            <param index="0">
              <value>
                <![CDATA["User is on Home page and click on sign in"]]>
              </value>
            </param>
            <param index="1">
              <value>
                <![CDATA["DS-Algo Home Page feature"]]>
              </value>
            </param>
          </params>
          <reporter-output>
          </reporter-output>
        </test-method> <!-- runScenario -->
        <test-method signature="runScenario(io.cucumber.testng.PickleWrapper,io.cucumber.testng.FeatureWrapper)[pri:0, instance:testrunners.MyTestRunner@5fbe4146]" started-at="2023-07-31T23:44:06 CDT" name="runScenario" description="Runs Cucumber Scenarios" data-provider="scenarios" finished-at="2023-07-31T23:44:06 CDT" duration-ms="495" status="PASS">
          <params>
            <param index="0">
              <value>
                <![CDATA["User is on Home page and click on Register"]]>
              </value>
            </param>
            <param index="1">
              <value>
                <![CDATA["DS-Algo Home Page feature"]]>
              </value>
            </param>
          </params>
          <reporter-output>
          </reporter-output>
        </test-method> <!-- runScenario -->
        <test-method signature="runScenario(io.cucumber.testng.PickleWrapper,io.cucumber.testng.FeatureWrapper)[pri:0, instance:testrunners.MyTestRunner@5fbe4146]" started-at="2023-07-31T23:44:06 CDT" name="runScenario" description="Runs Cucumber Scenarios" data-provider="scenarios" finished-at="2023-07-31T23:44:06 CDT" duration-ms="184" status="PASS">
          <params>
            <param index="0">
              <value>
                <![CDATA["The user is presented with error message for empty fields below Username textbox"]]>
              </value>
            </param>
            <param index="1">
              <value>
                <![CDATA["DS-Algo Portal Register Page"]]>
              </value>
            </param>
          </params>
          <reporter-output>
          </reporter-output>
        </test-method> <!-- runScenario -->
        <test-method signature="runScenario(io.cucumber.testng.PickleWrapper,io.cucumber.testng.FeatureWrapper)[pri:0, instance:testrunners.MyTestRunner@5fbe4146]" started-at="2023-07-31T23:44:06 CDT" name="runScenario" description="Runs Cucumber Scenarios" data-provider="scenarios" finished-at="2023-07-31T23:44:07 CDT" duration-ms="315" status="PASS">
          <params>
            <param index="0">
              <value>
                <![CDATA["The user is presented with error message for empty fields below Password textbox"]]>
              </value>
            </param>
            <param index="1">
              <value>
                <![CDATA["DS-Algo Portal Register Page"]]>
              </value>
            </param>
          </params>
          <reporter-output>
          </reporter-output>
        </test-method> <!-- runScenario -->
        <test-method signature="runScenario(io.cucumber.testng.PickleWrapper,io.cucumber.testng.FeatureWrapper)[pri:0, instance:testrunners.MyTestRunner@5fbe4146]" started-at="2023-07-31T23:44:07 CDT" name="runScenario" description="Runs Cucumber Scenarios" data-provider="scenarios" finished-at="2023-07-31T23:44:07 CDT" duration-ms="625" status="PASS">
          <params>
            <param index="0">
              <value>
                <![CDATA["The user is presented with error message for empty fields below Password Confirmation textbox"]]>
              </value>
            </param>
            <param index="1">
              <value>
                <![CDATA["DS-Algo Portal Register Page"]]>
              </value>
            </param>
          </params>
          <reporter-output>
          </reporter-output>
        </test-method> <!-- runScenario -->
        <test-method signature="runScenario(io.cucumber.testng.PickleWrapper,io.cucumber.testng.FeatureWrapper)[pri:0, instance:testrunners.MyTestRunner@5fbe4146]" started-at="2023-07-31T23:44:07 CDT" name="runScenario" description="Runs Cucumber Scenarios" data-provider="scenarios" finished-at="2023-07-31T23:44:08 CDT" duration-ms="714" status="PASS">
          <params>
            <param index="0">
              <value>
                <![CDATA["The user is presented with error message for invalid username"]]>
              </value>
            </param>
            <param index="1">
              <value>
                <![CDATA["DS-Algo Portal Register Page"]]>
              </value>
            </param>
          </params>
          <reporter-output>
          </reporter-output>
        </test-method> <!-- runScenario -->
        <test-method signature="runScenario(io.cucumber.testng.PickleWrapper,io.cucumber.testng.FeatureWrapper)[pri:0, instance:testrunners.MyTestRunner@5fbe4146]" started-at="2023-07-31T23:44:08 CDT" name="runScenario" description="Runs Cucumber Scenarios" data-provider="scenarios" finished-at="2023-07-31T23:44:09 CDT" duration-ms="634" status="PASS">
          <params>
            <param index="0">
              <value>
                <![CDATA["The user is presented with error message for username already exists"]]>
              </value>
            </param>
            <param index="1">
              <value>
                <![CDATA["DS-Algo Portal Register Page"]]>
              </value>
            </param>
          </params>
          <reporter-output>
          </reporter-output>
        </test-method> <!-- runScenario -->
        <test-method signature="runScenario(io.cucumber.testng.PickleWrapper,io.cucumber.testng.FeatureWrapper)[pri:0, instance:testrunners.MyTestRunner@5fbe4146]" started-at="2023-07-31T23:44:09 CDT" name="runScenario" description="Runs Cucumber Scenarios" data-provider="scenarios" finished-at="2023-07-31T23:44:09 CDT" duration-ms="548" status="PASS">
          <params>
            <param index="0">
              <value>
                <![CDATA["The user is presented with error message for password mismatch"]]>
              </value>
            </param>
            <param index="1">
              <value>
                <![CDATA["DS-Algo Portal Register Page"]]>
              </value>
            </param>
          </params>
          <reporter-output>
          </reporter-output>
        </test-method> <!-- runScenario -->
        <test-method signature="runScenario(io.cucumber.testng.PickleWrapper,io.cucumber.testng.FeatureWrapper)[pri:0, instance:testrunners.MyTestRunner@5fbe4146]" started-at="2023-07-31T23:44:09 CDT" name="runScenario" description="Runs Cucumber Scenarios" data-provider="scenarios" finished-at="2023-07-31T23:44:10 CDT" duration-ms="524" status="PASS">
          <params>
            <param index="0">
              <value>
                <![CDATA["The user is presented with error message for password with characters less than 8"]]>
              </value>
            </param>
            <param index="1">
              <value>
                <![CDATA["DS-Algo Portal Register Page"]]>
              </value>
            </param>
          </params>
          <reporter-output>
          </reporter-output>
        </test-method> <!-- runScenario -->
        <test-method signature="runScenario(io.cucumber.testng.PickleWrapper,io.cucumber.testng.FeatureWrapper)[pri:0, instance:testrunners.MyTestRunner@5fbe4146]" started-at="2023-07-31T23:44:10 CDT" name="runScenario" description="Runs Cucumber Scenarios" data-provider="scenarios" finished-at="2023-07-31T23:44:10 CDT" duration-ms="491" status="PASS">
          <params>
            <param index="0">
              <value>
                <![CDATA["The user is presented with error message for password with only numbers"]]>
              </value>
            </param>
            <param index="1">
              <value>
                <![CDATA["DS-Algo Portal Register Page"]]>
              </value>
            </param>
          </params>
          <reporter-output>
          </reporter-output>
        </test-method> <!-- runScenario -->
        <test-method signature="runScenario(io.cucumber.testng.PickleWrapper,io.cucumber.testng.FeatureWrapper)[pri:0, instance:testrunners.MyTestRunner@5fbe4146]" started-at="2023-07-31T23:44:10 CDT" name="runScenario" description="Runs Cucumber Scenarios" data-provider="scenarios" finished-at="2023-07-31T23:44:11 CDT" duration-ms="633" status="PASS">
          <params>
            <param index="0">
              <value>
                <![CDATA["The user is presented with error message for password too similar to your other personal information"]]>
              </value>
            </param>
            <param index="1">
              <value>
                <![CDATA["DS-Algo Portal Register Page"]]>
              </value>
            </param>
          </params>
          <reporter-output>
          </reporter-output>
        </test-method> <!-- runScenario -->
        <test-method signature="runScenario(io.cucumber.testng.PickleWrapper,io.cucumber.testng.FeatureWrapper)[pri:0, instance:testrunners.MyTestRunner@5fbe4146]" started-at="2023-07-31T23:44:11 CDT" name="runScenario" description="Runs Cucumber Scenarios" data-provider="scenarios" finished-at="2023-07-31T23:44:12 CDT" duration-ms="608" status="PASS">
          <params>
            <param index="0">
              <value>
                <![CDATA["The user is presented with error message for commonly used password"]]>
              </value>
            </param>
            <param index="1">
              <value>
                <![CDATA["DS-Algo Portal Register Page"]]>
              </value>
            </param>
          </params>
          <reporter-output>
          </reporter-output>
        </test-method> <!-- runScenario -->
        <test-method signature="runScenario(io.cucumber.testng.PickleWrapper,io.cucumber.testng.FeatureWrapper)[pri:0, instance:testrunners.MyTestRunner@5fbe4146]" started-at="2023-07-31T23:44:12 CDT" name="runScenario" description="Runs Cucumber Scenarios" data-provider="scenarios" finished-at="2023-07-31T23:44:12 CDT" duration-ms="621" status="PASS">
          <params>
            <param index="0">
              <value>
                <![CDATA["The user is succesfully able to register"]]>
              </value>
            </param>
            <param index="1">
              <value>
                <![CDATA["DS-Algo Portal Register Page"]]>
              </value>
            </param>
          </params>
          <reporter-output>
          </reporter-output>
        </test-method> <!-- runScenario -->
        <test-method signature="runScenario(io.cucumber.testng.PickleWrapper,io.cucumber.testng.FeatureWrapper)[pri:0, instance:testrunners.MyTestRunner@5fbe4146]" started-at="2023-07-31T23:44:12 CDT" name="runScenario" description="Runs Cucumber Scenarios" data-provider="scenarios" finished-at="2023-07-31T23:44:13 CDT" duration-ms="483" status="PASS">
          <params>
            <param index="0">
              <value>
                <![CDATA["Verifying Register link"]]>
              </value>
            </param>
            <param index="1">
              <value>
                <![CDATA["DS-Algo SignIn Page feature"]]>
              </value>
            </param>
          </params>
          <reporter-output>
          </reporter-output>
        </test-method> <!-- runScenario -->
        <test-method signature="runScenario(io.cucumber.testng.PickleWrapper,io.cucumber.testng.FeatureWrapper)[pri:0, instance:testrunners.MyTestRunner@5fbe4146]" started-at="2023-07-31T23:44:13 CDT" name="runScenario" description="Runs Cucumber Scenarios" data-provider="scenarios" finished-at="2023-07-31T23:44:13 CDT" duration-ms="618" status="PASS">
          <params>
            <param index="0">
              <value>
                <![CDATA["User on login page and login with invalid inputs"]]>
              </value>
            </param>
            <param index="1">
              <value>
                <![CDATA["DS-Algo SignIn Page feature"]]>
              </value>
            </param>
          </params>
          <reporter-output>
          </reporter-output>
        </test-method> <!-- runScenario -->
        <test-method signature="runScenario(io.cucumber.testng.PickleWrapper,io.cucumber.testng.FeatureWrapper)[pri:0, instance:testrunners.MyTestRunner@5fbe4146]" started-at="2023-07-31T23:44:13 CDT" name="runScenario" description="Runs Cucumber Scenarios" data-provider="scenarios" finished-at="2023-07-31T23:44:14 CDT" duration-ms="573" status="PASS">
          <params>
            <param index="0">
              <value>
                <![CDATA["User on login page and login with invalid inputs"]]>
              </value>
            </param>
            <param index="1">
              <value>
                <![CDATA["DS-Algo SignIn Page feature"]]>
              </value>
            </param>
          </params>
          <reporter-output>
          </reporter-output>
        </test-method> <!-- runScenario -->
        <test-method signature="runScenario(io.cucumber.testng.PickleWrapper,io.cucumber.testng.FeatureWrapper)[pri:0, instance:testrunners.MyTestRunner@5fbe4146]" started-at="2023-07-31T23:44:14 CDT" name="runScenario" description="Runs Cucumber Scenarios" data-provider="scenarios" finished-at="2023-07-31T23:44:14 CDT" duration-ms="574" status="PASS">
          <params>
            <param index="0">
              <value>
                <![CDATA["User on login page and login with invalid inputs"]]>
              </value>
            </param>
            <param index="1">
              <value>
                <![CDATA["DS-Algo SignIn Page feature"]]>
              </value>
            </param>
          </params>
          <reporter-output>
          </reporter-output>
        </test-method> <!-- runScenario -->
        <test-method signature="runScenario(io.cucumber.testng.PickleWrapper,io.cucumber.testng.FeatureWrapper)[pri:0, instance:testrunners.MyTestRunner@5fbe4146]" started-at="2023-07-31T23:44:14 CDT" name="runScenario" description="Runs Cucumber Scenarios" data-provider="scenarios" finished-at="2023-07-31T23:44:18 CDT" duration-ms="3161" status="PASS">
          <params>
            <param index="0">
              <value>
                <![CDATA["Useinvalid and valid inputs from Excelr on login page and login with"]]>
              </value>
            </param>
            <param index="1">
              <value>
                <![CDATA["DS-Algo SignIn Page feature"]]>
              </value>
            </param>
          </params>
          <reporter-output>
          </reporter-output>
        </test-method> <!-- runScenario -->
        <test-method signature="runScenario(io.cucumber.testng.PickleWrapper,io.cucumber.testng.FeatureWrapper)[pri:0, instance:testrunners.MyTestRunner@5fbe4146]" started-at="2023-07-31T23:44:18 CDT" name="runScenario" description="Runs Cucumber Scenarios" data-provider="scenarios" finished-at="2023-07-31T23:44:19 CDT" duration-ms="1805" status="PASS">
          <params>
            <param index="0">
              <value>
                <![CDATA["Useinvalid and valid inputs from Excelr on login page and login with"]]>
              </value>
            </param>
            <param index="1">
              <value>
                <![CDATA["DS-Algo SignIn Page feature"]]>
              </value>
            </param>
          </params>
          <reporter-output>
          </reporter-output>
        </test-method> <!-- runScenario -->
        <test-method signature="runScenario(io.cucumber.testng.PickleWrapper,io.cucumber.testng.FeatureWrapper)[pri:0, instance:testrunners.MyTestRunner@5fbe4146]" started-at="2023-07-31T23:44:19 CDT" name="runScenario" description="Runs Cucumber Scenarios" data-provider="scenarios" finished-at="2023-07-31T23:44:21 CDT" duration-ms="1729" status="PASS">
          <params>
            <param index="0">
              <value>
                <![CDATA["Useinvalid and valid inputs from Excelr on login page and login with"]]>
              </value>
            </param>
            <param index="1">
              <value>
                <![CDATA["DS-Algo SignIn Page feature"]]>
              </value>
            </param>
          </params>
          <reporter-output>
          </reporter-output>
        </test-method> <!-- runScenario -->
        <test-method signature="runScenario(io.cucumber.testng.PickleWrapper,io.cucumber.testng.FeatureWrapper)[pri:0, instance:testrunners.MyTestRunner@5fbe4146]" started-at="2023-07-31T23:44:21 CDT" name="runScenario" description="Runs Cucumber Scenarios" data-provider="scenarios" finished-at="2023-07-31T23:44:23 CDT" duration-ms="1878" status="PASS">
          <params>
            <param index="0">
              <value>
                <![CDATA["Useinvalid and valid inputs from Excelr on login page and login with"]]>
              </value>
            </param>
            <param index="1">
              <value>
                <![CDATA["DS-Algo SignIn Page feature"]]>
              </value>
            </param>
          </params>
          <reporter-output>
          </reporter-output>
        </test-method> <!-- runScenario -->
        <test-method signature="runScenario(io.cucumber.testng.PickleWrapper,io.cucumber.testng.FeatureWrapper)[pri:0, instance:testrunners.MyTestRunner@5fbe4146]" started-at="2023-07-31T23:44:23 CDT" name="runScenario" description="Runs Cucumber Scenarios" data-provider="scenarios" finished-at="2023-07-31T23:44:25 CDT" duration-ms="2359" status="PASS">
          <params>
            <param index="0">
              <value>
                <![CDATA["The user is able to signin with registered credential"]]>
              </value>
            </param>
            <param index="1">
              <value>
                <![CDATA["DS-Algo SignIn Page feature"]]>
              </value>
            </param>
          </params>
          <reporter-output>
          </reporter-output>
        </test-method> <!-- runScenario -->
        <test-method signature="runScenario(io.cucumber.testng.PickleWrapper,io.cucumber.testng.FeatureWrapper)[pri:0, instance:testrunners.MyTestRunner@5fbe4146]" started-at="2023-07-31T23:44:25 CDT" name="runScenario" description="Runs Cucumber Scenarios" data-provider="scenarios" finished-at="2023-07-31T23:44:27 CDT" duration-ms="1434" status="PASS">
          <params>
            <param index="0">
              <value>
                <![CDATA["Verifying signout link"]]>
              </value>
            </param>
            <param index="1">
              <value>
                <![CDATA["DS-Algo SignIn Page feature"]]>
              </value>
            </param>
          </params>
          <reporter-output>
          </reporter-output>
        </test-method> <!-- runScenario -->
        <test-method signature="runScenario(io.cucumber.testng.PickleWrapper,io.cucumber.testng.FeatureWrapper)[pri:0, instance:testrunners.MyTestRunner@5fbe4146]" started-at="2023-07-31T23:44:27 CDT" name="runScenario" description="Runs Cucumber Scenarios" data-provider="scenarios" finished-at="2023-07-31T23:44:31 CDT" duration-ms="4233" status="PASS">
          <params>
            <param index="0">
              <value>
                <![CDATA["Logging into DS-ALgo portal"]]>
              </value>
            </param>
            <param index="1">
              <value>
                <![CDATA["DS-Algo DataStructure feature"]]>
              </value>
            </param>
          </params>
          <reporter-output>
          </reporter-output>
        </test-method> <!-- runScenario -->
        <test-method signature="runScenario(io.cucumber.testng.PickleWrapper,io.cucumber.testng.FeatureWrapper)[pri:0, instance:testrunners.MyTestRunner@5fbe4146]" started-at="2023-07-31T23:44:31 CDT" name="runScenario" description="Runs Cucumber Scenarios" data-provider="scenarios" finished-at="2023-07-31T23:44:31 CDT" duration-ms="389" status="PASS">
          <params>
            <param index="0">
              <value>
                <![CDATA["The user is able to navigate to Data Structure introduction page"]]>
              </value>
            </param>
            <param index="1">
              <value>
                <![CDATA["DS-Algo DataStructure feature"]]>
              </value>
            </param>
          </params>
          <reporter-output>
          </reporter-output>
        </test-method> <!-- runScenario -->
        <test-method signature="runScenario(io.cucumber.testng.PickleWrapper,io.cucumber.testng.FeatureWrapper)[pri:0, instance:testrunners.MyTestRunner@5fbe4146]" started-at="2023-07-31T23:44:31 CDT" name="runScenario" description="Runs Cucumber Scenarios" data-provider="scenarios" finished-at="2023-07-31T23:44:32 CDT" duration-ms="409" status="PASS">
          <params>
            <param index="0">
              <value>
                <![CDATA["The user is able to navigate to Time Complexity page"]]>
              </value>
            </param>
            <param index="1">
              <value>
                <![CDATA["DS-Algo DataStructure feature"]]>
              </value>
            </param>
          </params>
          <reporter-output>
          </reporter-output>
        </test-method> <!-- runScenario -->
        <test-method signature="runScenario(io.cucumber.testng.PickleWrapper,io.cucumber.testng.FeatureWrapper)[pri:0, instance:testrunners.MyTestRunner@5fbe4146]" started-at="2023-07-31T23:44:32 CDT" name="runScenario" description="Runs Cucumber Scenarios" data-provider="scenarios" finished-at="2023-07-31T23:44:33 CDT" duration-ms="769" status="PASS">
          <params>
            <param index="0">
              <value>
                <![CDATA["The user is able to navigate to a page having an tryEditor from Time Complexity page"]]>
              </value>
            </param>
            <param index="1">
              <value>
                <![CDATA["DS-Algo DataStructure feature"]]>
              </value>
            </param>
          </params>
          <reporter-output>
          </reporter-output>
        </test-method> <!-- runScenario -->
        <test-method signature="runScenario(io.cucumber.testng.PickleWrapper,io.cucumber.testng.FeatureWrapper)[pri:0, instance:testrunners.MyTestRunner@5fbe4146]" started-at="2023-07-31T23:44:33 CDT" name="runScenario" description="Runs Cucumber Scenarios" data-provider="scenarios" finished-at="2023-07-31T23:44:33 CDT" duration-ms="843" status="PASS">
          <params>
            <param index="0">
              <value>
                <![CDATA["The user is able run code in tryEditor for Time Complexity page"]]>
              </value>
            </param>
            <param index="1">
              <value>
                <![CDATA["DS-Algo DataStructure feature"]]>
              </value>
            </param>
          </params>
          <reporter-output>
          </reporter-output>
        </test-method> <!-- runScenario -->
        <test-method signature="runScenario(io.cucumber.testng.PickleWrapper,io.cucumber.testng.FeatureWrapper)[pri:0, instance:testrunners.MyTestRunner@5fbe4146]" started-at="2023-07-31T23:44:33 CDT" name="runScenario" description="Runs Cucumber Scenarios" data-provider="scenarios" finished-at="2023-07-31T23:44:34 CDT" duration-ms="446" status="PASS">
          <params>
            <param index="0">
              <value>
                <![CDATA["The user is presented with error message for code with invalid syntax in tryEditor for Time Complexity page"]]>
              </value>
            </param>
            <param index="1">
              <value>
                <![CDATA["DS-Algo DataStructure feature"]]>
              </value>
            </param>
          </params>
          <reporter-output>
          </reporter-output>
        </test-method> <!-- runScenario -->
        <test-method signature="runScenario(io.cucumber.testng.PickleWrapper,io.cucumber.testng.FeatureWrapper)[pri:0, instance:testrunners.MyTestRunner@5fbe4146]" started-at="2023-07-31T23:44:34 CDT" name="runScenario" description="Runs Cucumber Scenarios" data-provider="scenarios" finished-at="2023-07-31T23:44:35 CDT" duration-ms="1205" status="PASS">
          <params>
            <param index="0">
              <value>
                <![CDATA["User is navigated to tryEditor text in Arrays page"]]>
              </value>
            </param>
            <param index="1">
              <value>
                <![CDATA["Array"]]>
              </value>
            </param>
          </params>
          <reporter-output>
          </reporter-output>
        </test-method> <!-- runScenario -->
        <test-method signature="runScenario(io.cucumber.testng.PickleWrapper,io.cucumber.testng.FeatureWrapper)[pri:0, instance:testrunners.MyTestRunner@5fbe4146]" started-at="2023-07-31T23:44:35 CDT" name="runScenario" description="Runs Cucumber Scenarios" data-provider="scenarios" finished-at="2023-07-31T23:44:35 CDT" duration-ms="308" status="PASS">
          <params>
            <param index="0">
              <value>
                <![CDATA["The user is able run code in tryEditor for Arrays in Python page"]]>
              </value>
            </param>
            <param index="1">
              <value>
                <![CDATA["Array"]]>
              </value>
            </param>
          </params>
          <reporter-output>
          </reporter-output>
        </test-method> <!-- runScenario -->
        <test-method signature="runScenario(io.cucumber.testng.PickleWrapper,io.cucumber.testng.FeatureWrapper)[pri:0, instance:testrunners.MyTestRunner@5fbe4146]" started-at="2023-07-31T23:44:35 CDT" name="runScenario" description="Runs Cucumber Scenarios" data-provider="scenarios" finished-at="2023-07-31T23:44:36 CDT" duration-ms="577" status="PASS">
          <params>
            <param index="0">
              <value>
                <![CDATA["The user is presented with error message for code with invalid syntax in tryEditor for Arrays in Python page"]]>
              </value>
            </param>
            <param index="1">
              <value>
                <![CDATA["Array"]]>
              </value>
            </param>
          </params>
          <reporter-output>
          </reporter-output>
        </test-method> <!-- runScenario -->
        <test-method signature="runScenario(io.cucumber.testng.PickleWrapper,io.cucumber.testng.FeatureWrapper)[pri:0, instance:testrunners.MyTestRunner@5fbe4146]" started-at="2023-07-31T23:44:36 CDT" name="runScenario" description="Runs Cucumber Scenarios" data-provider="scenarios" finished-at="2023-07-31T23:44:37 CDT" duration-ms="674" status="PASS">
          <params>
            <param index="0">
              <value>
                <![CDATA["User is navigated to tryEditor text in Arrays Using List page"]]>
              </value>
            </param>
            <param index="1">
              <value>
                <![CDATA["Array"]]>
              </value>
            </param>
          </params>
          <reporter-output>
          </reporter-output>
        </test-method> <!-- runScenario -->
        <test-method signature="runScenario(io.cucumber.testng.PickleWrapper,io.cucumber.testng.FeatureWrapper)[pri:0, instance:testrunners.MyTestRunner@5fbe4146]" started-at="2023-07-31T23:44:37 CDT" name="runScenario" description="Runs Cucumber Scenarios" data-provider="scenarios" finished-at="2023-07-31T23:44:37 CDT" duration-ms="348" status="PASS">
          <params>
            <param index="0">
              <value>
                <![CDATA["The user is able run code in tryEditor for Arrays Using List page"]]>
              </value>
            </param>
            <param index="1">
              <value>
                <![CDATA["Array"]]>
              </value>
            </param>
          </params>
          <reporter-output>
          </reporter-output>
        </test-method> <!-- runScenario -->
        <test-method signature="runScenario(io.cucumber.testng.PickleWrapper,io.cucumber.testng.FeatureWrapper)[pri:0, instance:testrunners.MyTestRunner@5fbe4146]" started-at="2023-07-31T23:44:37 CDT" name="runScenario" description="Runs Cucumber Scenarios" data-provider="scenarios" finished-at="2023-07-31T23:44:38 CDT" duration-ms="642" status="PASS">
          <params>
            <param index="0">
              <value>
                <![CDATA["The user is presented with error message for code with invalid syntax in tryEditor for Arrays Using List page"]]>
              </value>
            </param>
            <param index="1">
              <value>
                <![CDATA["Array"]]>
              </value>
            </param>
          </params>
          <reporter-output>
          </reporter-output>
        </test-method> <!-- runScenario -->
        <test-method signature="runScenario(io.cucumber.testng.PickleWrapper,io.cucumber.testng.FeatureWrapper)[pri:0, instance:testrunners.MyTestRunner@5fbe4146]" started-at="2023-07-31T23:44:38 CDT" name="runScenario" description="Runs Cucumber Scenarios" data-provider="scenarios" finished-at="2023-07-31T23:44:38 CDT" duration-ms="692" status="PASS">
          <params>
            <param index="0">
              <value>
                <![CDATA["User is navigated to tryEditor text in Basic Operations in Lists page"]]>
              </value>
            </param>
            <param index="1">
              <value>
                <![CDATA["Array"]]>
              </value>
            </param>
          </params>
          <reporter-output>
          </reporter-output>
        </test-method> <!-- runScenario -->
        <test-method signature="runScenario(io.cucumber.testng.PickleWrapper,io.cucumber.testng.FeatureWrapper)[pri:0, instance:testrunners.MyTestRunner@5fbe4146]" started-at="2023-07-31T23:44:38 CDT" name="runScenario" description="Runs Cucumber Scenarios" data-provider="scenarios" finished-at="2023-07-31T23:44:39 CDT" duration-ms="309" status="PASS">
          <params>
            <param index="0">
              <value>
                <![CDATA["The user is able run code in tryEditor for Basic Operations in Lists page"]]>
              </value>
            </param>
            <param index="1">
              <value>
                <![CDATA["Array"]]>
              </value>
            </param>
          </params>
          <reporter-output>
          </reporter-output>
        </test-method> <!-- runScenario -->
        <test-method signature="runScenario(io.cucumber.testng.PickleWrapper,io.cucumber.testng.FeatureWrapper)[pri:0, instance:testrunners.MyTestRunner@5fbe4146]" started-at="2023-07-31T23:44:39 CDT" name="runScenario" description="Runs Cucumber Scenarios" data-provider="scenarios" finished-at="2023-07-31T23:44:39 CDT" duration-ms="525" status="PASS">
          <params>
            <param index="0">
              <value>
                <![CDATA["The user is presented with error message for code with invalid syntax in tryEditor for Basic Operations in Lists page"]]>
              </value>
            </param>
            <param index="1">
              <value>
                <![CDATA["Array"]]>
              </value>
            </param>
          </params>
          <reporter-output>
          </reporter-output>
        </test-method> <!-- runScenario -->
        <test-method signature="runScenario(io.cucumber.testng.PickleWrapper,io.cucumber.testng.FeatureWrapper)[pri:0, instance:testrunners.MyTestRunner@5fbe4146]" started-at="2023-07-31T23:44:39 CDT" name="runScenario" description="Runs Cucumber Scenarios" data-provider="scenarios" finished-at="2023-07-31T23:44:40 CDT" duration-ms="564" status="PASS">
          <params>
            <param index="0">
              <value>
                <![CDATA["User is navigated to tryEditor text in Applications of Array page"]]>
              </value>
            </param>
            <param index="1">
              <value>
                <![CDATA["Array"]]>
              </value>
            </param>
          </params>
          <reporter-output>
          </reporter-output>
        </test-method> <!-- runScenario -->
        <test-method signature="runScenario(io.cucumber.testng.PickleWrapper,io.cucumber.testng.FeatureWrapper)[pri:0, instance:testrunners.MyTestRunner@5fbe4146]" started-at="2023-07-31T23:44:40 CDT" name="runScenario" description="Runs Cucumber Scenarios" data-provider="scenarios" finished-at="2023-07-31T23:44:40 CDT" duration-ms="270" status="PASS">
          <params>
            <param index="0">
              <value>
                <![CDATA["The user is able run code in tryEditor for Applications of Array page"]]>
              </value>
            </param>
            <param index="1">
              <value>
                <![CDATA["Array"]]>
              </value>
            </param>
          </params>
          <reporter-output>
          </reporter-output>
        </test-method> <!-- runScenario -->
        <test-method signature="runScenario(io.cucumber.testng.PickleWrapper,io.cucumber.testng.FeatureWrapper)[pri:0, instance:testrunners.MyTestRunner@5fbe4146]" started-at="2023-07-31T23:44:40 CDT" name="runScenario" description="Runs Cucumber Scenarios" data-provider="scenarios" finished-at="2023-07-31T23:44:41 CDT" duration-ms="645" status="PASS">
          <params>
            <param index="0">
              <value>
                <![CDATA["The user is presented with error message for code with invalid syntax in tryEditor for Applications of Array page"]]>
              </value>
            </param>
            <param index="1">
              <value>
                <![CDATA["Array"]]>
              </value>
            </param>
          </params>
          <reporter-output>
          </reporter-output>
        </test-method> <!-- runScenario -->
        <test-method signature="runScenario(io.cucumber.testng.PickleWrapper,io.cucumber.testng.FeatureWrapper)[pri:0, instance:testrunners.MyTestRunner@5fbe4146]" started-at="2023-07-31T23:44:41 CDT" name="runScenario" description="Runs Cucumber Scenarios" data-provider="scenarios" finished-at="2023-07-31T23:44:42 CDT" duration-ms="802" status="PASS">
          <params>
            <param index="0">
              <value>
                <![CDATA["The user is able to navigate to Question page from Search the array link"]]>
              </value>
            </param>
            <param index="1">
              <value>
                <![CDATA["Array"]]>
              </value>
            </param>
          </params>
          <reporter-output>
          </reporter-output>
        </test-method> <!-- runScenario -->
        <test-method signature="runScenario(io.cucumber.testng.PickleWrapper,io.cucumber.testng.FeatureWrapper)[pri:0, instance:testrunners.MyTestRunner@5fbe4146]" started-at="2023-07-31T23:44:42 CDT" name="runScenario" description="Runs Cucumber Scenarios" data-provider="scenarios" finished-at="2023-07-31T23:44:42 CDT" duration-ms="620" status="PASS">
          <params>
            <param index="0">
              <value>
                <![CDATA["The user is able to run and submit code in tryEditor for Search the array link"]]>
              </value>
            </param>
            <param index="1">
              <value>
                <![CDATA["Array"]]>
              </value>
            </param>
          </params>
          <reporter-output>
          </reporter-output>
        </test-method> <!-- runScenario -->
        <test-method signature="runScenario(io.cucumber.testng.PickleWrapper,io.cucumber.testng.FeatureWrapper)[pri:0, instance:testrunners.MyTestRunner@5fbe4146]" started-at="2023-07-31T23:44:42 CDT" name="runScenario" description="Runs Cucumber Scenarios" data-provider="scenarios" finished-at="2023-07-31T23:44:43 CDT" duration-ms="682" status="PASS">
          <params>
            <param index="0">
              <value>
                <![CDATA["The user is presented with error message for code with invalid syntax in tryEditor for Search the array link"]]>
              </value>
            </param>
            <param index="1">
              <value>
                <![CDATA["Array"]]>
              </value>
            </param>
          </params>
          <reporter-output>
          </reporter-output>
        </test-method> <!-- runScenario -->
        <test-method signature="runScenario(io.cucumber.testng.PickleWrapper,io.cucumber.testng.FeatureWrapper)[pri:0, instance:testrunners.MyTestRunner@5fbe4146]" started-at="2023-07-31T23:44:43 CDT" name="runScenario" description="Runs Cucumber Scenarios" data-provider="scenarios" finished-at="2023-07-31T23:44:43 CDT" duration-ms="361" status="PASS">
          <params>
            <param index="0">
              <value>
                <![CDATA["The user is able to navigate to Question page from Max Consecutive Ones"]]>
              </value>
            </param>
            <param index="1">
              <value>
                <![CDATA["Array"]]>
              </value>
            </param>
          </params>
          <reporter-output>
          </reporter-output>
        </test-method> <!-- runScenario -->
        <test-method signature="runScenario(io.cucumber.testng.PickleWrapper,io.cucumber.testng.FeatureWrapper)[pri:0, instance:testrunners.MyTestRunner@5fbe4146]" started-at="2023-07-31T23:44:43 CDT" name="runScenario" description="Runs Cucumber Scenarios" data-provider="scenarios" finished-at="2023-07-31T23:44:44 CDT" duration-ms="765" status="PASS">
          <params>
            <param index="0">
              <value>
                <![CDATA["The user is able to run and submit code in tryEditor for Max Consecutive Ones"]]>
              </value>
            </param>
            <param index="1">
              <value>
                <![CDATA["Array"]]>
              </value>
            </param>
          </params>
          <reporter-output>
          </reporter-output>
        </test-method> <!-- runScenario -->
        <test-method signature="runScenario(io.cucumber.testng.PickleWrapper,io.cucumber.testng.FeatureWrapper)[pri:0, instance:testrunners.MyTestRunner@5fbe4146]" started-at="2023-07-31T23:44:44 CDT" name="runScenario" description="Runs Cucumber Scenarios" data-provider="scenarios" finished-at="2023-07-31T23:44:44 CDT" duration-ms="373" status="PASS">
          <params>
            <param index="0">
              <value>
                <![CDATA["The user is presented with error message for invalid code in tryEditor for Max Consecutive Ones"]]>
              </value>
            </param>
            <param index="1">
              <value>
                <![CDATA["Array"]]>
              </value>
            </param>
          </params>
          <reporter-output>
          </reporter-output>
        </test-method> <!-- runScenario -->
        <test-method signature="runScenario(io.cucumber.testng.PickleWrapper,io.cucumber.testng.FeatureWrapper)[pri:0, instance:testrunners.MyTestRunner@5fbe4146]" started-at="2023-07-31T23:44:44 CDT" name="runScenario" description="Runs Cucumber Scenarios" data-provider="scenarios" finished-at="2023-07-31T23:44:45 CDT" duration-ms="394" status="PASS">
          <params>
            <param index="0">
              <value>
                <![CDATA["The user is able to navigate to Question page from Find Numbers with Even Number of Digits"]]>
              </value>
            </param>
            <param index="1">
              <value>
                <![CDATA["Array"]]>
              </value>
            </param>
          </params>
          <reporter-output>
          </reporter-output>
        </test-method> <!-- runScenario -->
        <test-method signature="runScenario(io.cucumber.testng.PickleWrapper,io.cucumber.testng.FeatureWrapper)[pri:0, instance:testrunners.MyTestRunner@5fbe4146]" started-at="2023-07-31T23:44:45 CDT" name="runScenario" description="Runs Cucumber Scenarios" data-provider="scenarios" finished-at="2023-07-31T23:44:45 CDT" duration-ms="533" status="PASS">
          <params>
            <param index="0">
              <value>
                <![CDATA["The user is able to run code in tryEditor for Find Numbers with Even Number of Digits"]]>
              </value>
            </param>
            <param index="1">
              <value>
                <![CDATA["Array"]]>
              </value>
            </param>
          </params>
          <reporter-output>
          </reporter-output>
        </test-method> <!-- runScenario -->
        <test-method signature="runScenario(io.cucumber.testng.PickleWrapper,io.cucumber.testng.FeatureWrapper)[pri:0, instance:testrunners.MyTestRunner@5fbe4146]" started-at="2023-07-31T23:44:45 CDT" name="runScenario" description="Runs Cucumber Scenarios" data-provider="scenarios" finished-at="2023-07-31T23:44:46 CDT" duration-ms="802" status="PASS">
          <params>
            <param index="0">
              <value>
                <![CDATA["The user is presented with error message for code with invalid syntax in tryEditor for Find Numbers with Even Number of Digits"]]>
              </value>
            </param>
            <param index="1">
              <value>
                <![CDATA["Array"]]>
              </value>
            </param>
          </params>
          <reporter-output>
          </reporter-output>
        </test-method> <!-- runScenario -->
        <test-method signature="runScenario(io.cucumber.testng.PickleWrapper,io.cucumber.testng.FeatureWrapper)[pri:0, instance:testrunners.MyTestRunner@5fbe4146]" started-at="2023-07-31T23:44:46 CDT" name="runScenario" description="Runs Cucumber Scenarios" data-provider="scenarios" finished-at="2023-07-31T23:44:46 CDT" duration-ms="370" status="PASS">
          <params>
            <param index="0">
              <value>
                <![CDATA["The user is able to navigate to Question page from Squares of a Sorted Array"]]>
              </value>
            </param>
            <param index="1">
              <value>
                <![CDATA["Array"]]>
              </value>
            </param>
          </params>
          <reporter-output>
          </reporter-output>
        </test-method> <!-- runScenario -->
        <test-method signature="runScenario(io.cucumber.testng.PickleWrapper,io.cucumber.testng.FeatureWrapper)[pri:0, instance:testrunners.MyTestRunner@5fbe4146]" started-at="2023-07-31T23:44:46 CDT" name="runScenario" description="Runs Cucumber Scenarios" data-provider="scenarios" finished-at="2023-07-31T23:44:47 CDT" duration-ms="457" status="PASS">
          <params>
            <param index="0">
              <value>
                <![CDATA["The user is able to run code in tryEditor for Squares of a Sorted Array"]]>
              </value>
            </param>
            <param index="1">
              <value>
                <![CDATA["Array"]]>
              </value>
            </param>
          </params>
          <reporter-output>
          </reporter-output>
        </test-method> <!-- runScenario -->
        <test-method signature="runScenario(io.cucumber.testng.PickleWrapper,io.cucumber.testng.FeatureWrapper)[pri:0, instance:testrunners.MyTestRunner@5fbe4146]" started-at="2023-07-31T23:44:47 CDT" name="runScenario" description="Runs Cucumber Scenarios" data-provider="scenarios" finished-at="2023-07-31T23:44:47 CDT" duration-ms="508" status="PASS">
          <params>
            <param index="0">
              <value>
                <![CDATA["The user is presented with error message for code with invalid syntax in tryEditor for Squares of a Sorted Array"]]>
              </value>
            </param>
            <param index="1">
              <value>
                <![CDATA["Array"]]>
              </value>
            </param>
          </params>
          <reporter-output>
          </reporter-output>
        </test-method> <!-- runScenario -->
        <test-method signature="runScenario(io.cucumber.testng.PickleWrapper,io.cucumber.testng.FeatureWrapper)[pri:0, instance:testrunners.MyTestRunner@5fbe4146]" started-at="2023-07-31T23:44:47 CDT" name="runScenario" description="Runs Cucumber Scenarios" data-provider="scenarios" finished-at="2023-07-31T23:44:48 CDT" duration-ms="811" status="PASS">
          <params>
            <param index="0">
              <value>
                <![CDATA["The user is able to navigate to Graph Data Structure page"]]>
              </value>
            </param>
            <param index="1">
              <value>
                <![CDATA["Graph"]]>
              </value>
            </param>
          </params>
          <reporter-output>
          </reporter-output>
        </test-method> <!-- runScenario -->
        <test-method signature="runScenario(io.cucumber.testng.PickleWrapper,io.cucumber.testng.FeatureWrapper)[pri:0, instance:testrunners.MyTestRunner@5fbe4146]" started-at="2023-07-31T23:44:48 CDT" name="runScenario" description="Runs Cucumber Scenarios" data-provider="scenarios" finished-at="2023-07-31T23:44:49 CDT" duration-ms="498" status="PASS">
          <params>
            <param index="0">
              <value>
                <![CDATA["The user is able to navigate to Graph Page in Graph"]]>
              </value>
            </param>
            <param index="1">
              <value>
                <![CDATA["Graph"]]>
              </value>
            </param>
          </params>
          <reporter-output>
          </reporter-output>
        </test-method> <!-- runScenario -->
        <test-method signature="runScenario(io.cucumber.testng.PickleWrapper,io.cucumber.testng.FeatureWrapper)[pri:0, instance:testrunners.MyTestRunner@5fbe4146]" started-at="2023-07-31T23:44:49 CDT" name="runScenario" description="Runs Cucumber Scenarios" data-provider="scenarios" finished-at="2023-07-31T23:44:49 CDT" duration-ms="445" status="PASS">
          <params>
            <param index="0">
              <value>
                <![CDATA["The user should be directed to editor page with run button to test python code"]]>
              </value>
            </param>
            <param index="1">
              <value>
                <![CDATA["Graph"]]>
              </value>
            </param>
          </params>
          <reporter-output>
          </reporter-output>
        </test-method> <!-- runScenario -->
        <test-method signature="runScenario(io.cucumber.testng.PickleWrapper,io.cucumber.testng.FeatureWrapper)[pri:0, instance:testrunners.MyTestRunner@5fbe4146]" started-at="2023-07-31T23:44:49 CDT" name="runScenario" description="Runs Cucumber Scenarios" data-provider="scenarios" finished-at="2023-07-31T23:44:50 CDT" duration-ms="632" status="PASS">
          <params>
            <param index="0">
              <value>
                <![CDATA["The user should be able to run valid codes in Editor Page"]]>
              </value>
            </param>
            <param index="1">
              <value>
                <![CDATA["Graph"]]>
              </value>
            </param>
          </params>
          <reporter-output>
          </reporter-output>
        </test-method> <!-- runScenario -->
        <test-method signature="runScenario(io.cucumber.testng.PickleWrapper,io.cucumber.testng.FeatureWrapper)[pri:0, instance:testrunners.MyTestRunner@5fbe4146]" started-at="2023-07-31T23:44:50 CDT" name="runScenario" description="Runs Cucumber Scenarios" data-provider="scenarios" finished-at="2023-07-31T23:44:50 CDT" duration-ms="704" status="PASS">
          <params>
            <param index="0">
              <value>
                <![CDATA["The user should be able to run invalid codes in Editor Page"]]>
              </value>
            </param>
            <param index="1">
              <value>
                <![CDATA["Graph"]]>
              </value>
            </param>
          </params>
          <reporter-output>
          </reporter-output>
        </test-method> <!-- runScenario -->
        <test-method signature="runScenario(io.cucumber.testng.PickleWrapper,io.cucumber.testng.FeatureWrapper)[pri:0, instance:testrunners.MyTestRunner@5fbe4146]" started-at="2023-07-31T23:44:50 CDT" name="runScenario" description="Runs Cucumber Scenarios" data-provider="scenarios" finished-at="2023-07-31T23:44:51 CDT" duration-ms="468" status="PASS">
          <params>
            <param index="0">
              <value>
                <![CDATA["The user is able to navigate to Graph Representations Page in Graph"]]>
              </value>
            </param>
            <param index="1">
              <value>
                <![CDATA["Graph"]]>
              </value>
            </param>
          </params>
          <reporter-output>
          </reporter-output>
        </test-method> <!-- runScenario -->
        <test-method signature="runScenario(io.cucumber.testng.PickleWrapper,io.cucumber.testng.FeatureWrapper)[pri:0, instance:testrunners.MyTestRunner@5fbe4146]" started-at="2023-07-31T23:44:51 CDT" name="runScenario" description="Runs Cucumber Scenarios" data-provider="scenarios" finished-at="2023-07-31T23:44:51 CDT" duration-ms="355" status="PASS">
          <params>
            <param index="0">
              <value>
                <![CDATA["The user is able to navigate to Graph Representations Editor Page"]]>
              </value>
            </param>
            <param index="1">
              <value>
                <![CDATA["Graph"]]>
              </value>
            </param>
          </params>
          <reporter-output>
          </reporter-output>
        </test-method> <!-- runScenario -->
        <test-method signature="runScenario(io.cucumber.testng.PickleWrapper,io.cucumber.testng.FeatureWrapper)[pri:0, instance:testrunners.MyTestRunner@5fbe4146]" started-at="2023-07-31T23:44:51 CDT" name="runScenario" description="Runs Cucumber Scenarios" data-provider="scenarios" finished-at="2023-07-31T23:44:52 CDT" duration-ms="539" status="PASS">
          <params>
            <param index="0">
              <value>
                <![CDATA["The user is able to enter valid codes in Graph Representation Page"]]>
              </value>
            </param>
            <param index="1">
              <value>
                <![CDATA["Graph"]]>
              </value>
            </param>
          </params>
          <reporter-output>
          </reporter-output>
        </test-method> <!-- runScenario -->
        <test-method signature="runScenario(io.cucumber.testng.PickleWrapper,io.cucumber.testng.FeatureWrapper)[pri:0, instance:testrunners.MyTestRunner@5fbe4146]" started-at="2023-07-31T23:44:52 CDT" name="runScenario" description="Runs Cucumber Scenarios" data-provider="scenarios" finished-at="2023-07-31T23:44:53 CDT" duration-ms="744" status="PASS">
          <params>
            <param index="0">
              <value>
                <![CDATA["The user is able to enter invalid codes in Graph Representation Page"]]>
              </value>
            </param>
            <param index="1">
              <value>
                <![CDATA["Graph"]]>
              </value>
            </param>
          </params>
          <reporter-output>
          </reporter-output>
        </test-method> <!-- runScenario -->
        <test-method signature="runScenario(io.cucumber.testng.PickleWrapper,io.cucumber.testng.FeatureWrapper)[pri:0, instance:testrunners.MyTestRunner@5fbe4146]" started-at="2023-07-31T23:44:53 CDT" name="runScenario" description="Runs Cucumber Scenarios" data-provider="scenarios" finished-at="2023-07-31T23:44:53 CDT" duration-ms="510" status="PASS">
          <params>
            <param index="0">
              <value>
                <![CDATA["User navigates from home page to linkedlist page"]]>
              </value>
            </param>
            <param index="1">
              <value>
                <![CDATA["Linked list module of dsalgo portal"]]>
              </value>
            </param>
          </params>
          <reporter-output>
          </reporter-output>
        </test-method> <!-- runScenario -->
        <test-method signature="runScenario(io.cucumber.testng.PickleWrapper,io.cucumber.testng.FeatureWrapper)[pri:0, instance:testrunners.MyTestRunner@5fbe4146]" started-at="2023-07-31T23:44:53 CDT" name="runScenario" description="Runs Cucumber Scenarios" data-provider="scenarios" finished-at="2023-07-31T23:44:54 CDT" duration-ms="666" status="PASS">
          <params>
            <param index="0">
              <value>
                <![CDATA["User navigates from linked list page to text editor page in introduction"]]>
              </value>
            </param>
            <param index="1">
              <value>
                <![CDATA["Linked list module of dsalgo portal"]]>
              </value>
            </param>
          </params>
          <reporter-output>
          </reporter-output>
        </test-method> <!-- runScenario -->
        <test-method signature="runScenario(io.cucumber.testng.PickleWrapper,io.cucumber.testng.FeatureWrapper)[pri:0, instance:testrunners.MyTestRunner@5fbe4146]" started-at="2023-07-31T23:44:54 CDT" name="runScenario" description="Runs Cucumber Scenarios" data-provider="scenarios" finished-at="2023-07-31T23:44:54 CDT" duration-ms="367" status="PASS">
          <params>
            <param index="0">
              <value>
                <![CDATA["The user runs the code in tryEditor with valid input for Introduction page"]]>
              </value>
            </param>
            <param index="1">
              <value>
                <![CDATA["Linked list module of dsalgo portal"]]>
              </value>
            </param>
          </params>
          <reporter-output>
          </reporter-output>
        </test-method> <!-- runScenario -->
        <test-method signature="runScenario(io.cucumber.testng.PickleWrapper,io.cucumber.testng.FeatureWrapper)[pri:0, instance:testrunners.MyTestRunner@5fbe4146]" started-at="2023-07-31T23:44:54 CDT" name="runScenario" description="Runs Cucumber Scenarios" data-provider="scenarios" finished-at="2023-07-31T23:44:55 CDT" duration-ms="554" status="PASS">
          <params>
            <param index="0">
              <value>
                <![CDATA["The user getting error message with invalid python code for Introduction page"]]>
              </value>
            </param>
            <param index="1">
              <value>
                <![CDATA["Linked list module of dsalgo portal"]]>
              </value>
            </param>
          </params>
          <reporter-output>
          </reporter-output>
        </test-method> <!-- runScenario -->
        <test-method signature="runScenario(io.cucumber.testng.PickleWrapper,io.cucumber.testng.FeatureWrapper)[pri:0, instance:testrunners.MyTestRunner@5fbe4146]" started-at="2023-07-31T23:44:55 CDT" name="runScenario" description="Runs Cucumber Scenarios" data-provider="scenarios" finished-at="2023-07-31T23:44:56 CDT" duration-ms="939" status="PASS">
          <params>
            <param index="0">
              <value>
                <![CDATA["User navigates from linked list page to text editor page in creating linked list"]]>
              </value>
            </param>
            <param index="1">
              <value>
                <![CDATA["Linked list module of dsalgo portal"]]>
              </value>
            </param>
          </params>
          <reporter-output>
          </reporter-output>
        </test-method> <!-- runScenario -->
        <test-method signature="runScenario(io.cucumber.testng.PickleWrapper,io.cucumber.testng.FeatureWrapper)[pri:0, instance:testrunners.MyTestRunner@5fbe4146]" started-at="2023-07-31T23:44:56 CDT" name="runScenario" description="Runs Cucumber Scenarios" data-provider="scenarios" finished-at="2023-07-31T23:44:56 CDT" duration-ms="287" status="PASS">
          <params>
            <param index="0">
              <value>
                <![CDATA["The user runs the code in tryEditor with valid input for Creating Linked List page"]]>
              </value>
            </param>
            <param index="1">
              <value>
                <![CDATA["Linked list module of dsalgo portal"]]>
              </value>
            </param>
          </params>
          <reporter-output>
          </reporter-output>
        </test-method> <!-- runScenario -->
        <test-method signature="runScenario(io.cucumber.testng.PickleWrapper,io.cucumber.testng.FeatureWrapper)[pri:0, instance:testrunners.MyTestRunner@5fbe4146]" started-at="2023-07-31T23:44:56 CDT" name="runScenario" description="Runs Cucumber Scenarios" data-provider="scenarios" finished-at="2023-07-31T23:44:56 CDT" duration-ms="576" status="PASS">
          <params>
            <param index="0">
              <value>
                <![CDATA["The user getting error message with invalid python code for Creating Linked List page"]]>
              </value>
            </param>
            <param index="1">
              <value>
                <![CDATA["Linked list module of dsalgo portal"]]>
              </value>
            </param>
          </params>
          <reporter-output>
          </reporter-output>
        </test-method> <!-- runScenario -->
        <test-method signature="runScenario(io.cucumber.testng.PickleWrapper,io.cucumber.testng.FeatureWrapper)[pri:0, instance:testrunners.MyTestRunner@5fbe4146]" started-at="2023-07-31T23:44:56 CDT" name="runScenario" description="Runs Cucumber Scenarios" data-provider="scenarios" finished-at="2023-07-31T23:44:58 CDT" duration-ms="1097" status="PASS">
          <params>
            <param index="0">
              <value>
                <![CDATA["User navigates from linked list page to text editor page in types of linked list"]]>
              </value>
            </param>
            <param index="1">
              <value>
                <![CDATA["Linked list module of dsalgo portal"]]>
              </value>
            </param>
          </params>
          <reporter-output>
          </reporter-output>
        </test-method> <!-- runScenario -->
        <test-method signature="runScenario(io.cucumber.testng.PickleWrapper,io.cucumber.testng.FeatureWrapper)[pri:0, instance:testrunners.MyTestRunner@5fbe4146]" started-at="2023-07-31T23:44:58 CDT" name="runScenario" description="Runs Cucumber Scenarios" data-provider="scenarios" finished-at="2023-07-31T23:44:58 CDT" duration-ms="357" status="PASS">
          <params>
            <param index="0">
              <value>
                <![CDATA["The user runs the code in tryEditor with valid input for Types of Linked List page"]]>
              </value>
            </param>
            <param index="1">
              <value>
                <![CDATA["Linked list module of dsalgo portal"]]>
              </value>
            </param>
          </params>
          <reporter-output>
          </reporter-output>
        </test-method> <!-- runScenario -->
        <test-method signature="runScenario(io.cucumber.testng.PickleWrapper,io.cucumber.testng.FeatureWrapper)[pri:0, instance:testrunners.MyTestRunner@5fbe4146]" started-at="2023-07-31T23:44:58 CDT" name="runScenario" description="Runs Cucumber Scenarios" data-provider="scenarios" finished-at="2023-07-31T23:44:58 CDT" duration-ms="523" status="PASS">
          <params>
            <param index="0">
              <value>
                <![CDATA["The user getting error message with invalid python code for Types of Linked List page"]]>
              </value>
            </param>
            <param index="1">
              <value>
                <![CDATA["Linked list module of dsalgo portal"]]>
              </value>
            </param>
          </params>
          <reporter-output>
          </reporter-output>
        </test-method> <!-- runScenario -->
        <test-method signature="runScenario(io.cucumber.testng.PickleWrapper,io.cucumber.testng.FeatureWrapper)[pri:0, instance:testrunners.MyTestRunner@5fbe4146]" started-at="2023-07-31T23:44:58 CDT" name="runScenario" description="Runs Cucumber Scenarios" data-provider="scenarios" finished-at="2023-07-31T23:44:59 CDT" duration-ms="838" status="PASS">
          <params>
            <param index="0">
              <value>
                <![CDATA["User navigates from linked list page to text editor page in implement linked list in python"]]>
              </value>
            </param>
            <param index="1">
              <value>
                <![CDATA["Linked list module of dsalgo portal"]]>
              </value>
            </param>
          </params>
          <reporter-output>
          </reporter-output>
        </test-method> <!-- runScenario -->
        <test-method signature="runScenario(io.cucumber.testng.PickleWrapper,io.cucumber.testng.FeatureWrapper)[pri:0, instance:testrunners.MyTestRunner@5fbe4146]" started-at="2023-07-31T23:44:59 CDT" name="runScenario" description="Runs Cucumber Scenarios" data-provider="scenarios" finished-at="2023-07-31T23:45:00 CDT" duration-ms="288" status="PASS">
          <params>
            <param index="0">
              <value>
                <![CDATA["The user runs the code in tryEditor with valid input for Implement Linked List in Python page"]]>
              </value>
            </param>
            <param index="1">
              <value>
                <![CDATA["Linked list module of dsalgo portal"]]>
              </value>
            </param>
          </params>
          <reporter-output>
          </reporter-output>
        </test-method> <!-- runScenario -->
        <test-method signature="runScenario(io.cucumber.testng.PickleWrapper,io.cucumber.testng.FeatureWrapper)[pri:0, instance:testrunners.MyTestRunner@5fbe4146]" started-at="2023-07-31T23:45:00 CDT" name="runScenario" description="Runs Cucumber Scenarios" data-provider="scenarios" finished-at="2023-07-31T23:45:00 CDT" duration-ms="510" status="PASS">
          <params>
            <param index="0">
              <value>
                <![CDATA["The user getting error message with invalid python code for Implement Linked List in Python page"]]>
              </value>
            </param>
            <param index="1">
              <value>
                <![CDATA["Linked list module of dsalgo portal"]]>
              </value>
            </param>
          </params>
          <reporter-output>
          </reporter-output>
        </test-method> <!-- runScenario -->
        <test-method signature="runScenario(io.cucumber.testng.PickleWrapper,io.cucumber.testng.FeatureWrapper)[pri:0, instance:testrunners.MyTestRunner@5fbe4146]" started-at="2023-07-31T23:45:00 CDT" name="runScenario" description="Runs Cucumber Scenarios" data-provider="scenarios" finished-at="2023-07-31T23:45:01 CDT" duration-ms="1223" status="PASS">
          <params>
            <param index="0">
              <value>
                <![CDATA["User navigates from linked list page to text editor page in traversal"]]>
              </value>
            </param>
            <param index="1">
              <value>
                <![CDATA["Linked list module of dsalgo portal"]]>
              </value>
            </param>
          </params>
          <reporter-output>
          </reporter-output>
        </test-method> <!-- runScenario -->
        <test-method signature="runScenario(io.cucumber.testng.PickleWrapper,io.cucumber.testng.FeatureWrapper)[pri:0, instance:testrunners.MyTestRunner@5fbe4146]" started-at="2023-07-31T23:45:01 CDT" name="runScenario" description="Runs Cucumber Scenarios" data-provider="scenarios" finished-at="2023-07-31T23:45:02 CDT" duration-ms="396" status="PASS">
          <params>
            <param index="0">
              <value>
                <![CDATA["The user runs the code in tryEditor with valid input for traversal page"]]>
              </value>
            </param>
            <param index="1">
              <value>
                <![CDATA["Linked list module of dsalgo portal"]]>
              </value>
            </param>
          </params>
          <reporter-output>
          </reporter-output>
        </test-method> <!-- runScenario -->
        <test-method signature="runScenario(io.cucumber.testng.PickleWrapper,io.cucumber.testng.FeatureWrapper)[pri:0, instance:testrunners.MyTestRunner@5fbe4146]" started-at="2023-07-31T23:45:02 CDT" name="runScenario" description="Runs Cucumber Scenarios" data-provider="scenarios" finished-at="2023-07-31T23:45:02 CDT" duration-ms="578" status="PASS">
          <params>
            <param index="0">
              <value>
                <![CDATA["The user getting error message with invalid python code for traversal link"]]>
              </value>
            </param>
            <param index="1">
              <value>
                <![CDATA["Linked list module of dsalgo portal"]]>
              </value>
            </param>
          </params>
          <reporter-output>
          </reporter-output>
        </test-method> <!-- runScenario -->
        <test-method signature="runScenario(io.cucumber.testng.PickleWrapper,io.cucumber.testng.FeatureWrapper)[pri:0, instance:testrunners.MyTestRunner@5fbe4146]" started-at="2023-07-31T23:45:02 CDT" name="runScenario" description="Runs Cucumber Scenarios" data-provider="scenarios" finished-at="2023-07-31T23:45:03 CDT" duration-ms="894" status="PASS">
          <params>
            <param index="0">
              <value>
                <![CDATA["User navigates from linked list page to text editor page in Insertion"]]>
              </value>
            </param>
            <param index="1">
              <value>
                <![CDATA["Linked list module of dsalgo portal"]]>
              </value>
            </param>
          </params>
          <reporter-output>
          </reporter-output>
        </test-method> <!-- runScenario -->
        <test-method signature="runScenario(io.cucumber.testng.PickleWrapper,io.cucumber.testng.FeatureWrapper)[pri:0, instance:testrunners.MyTestRunner@5fbe4146]" started-at="2023-07-31T23:45:03 CDT" name="runScenario" description="Runs Cucumber Scenarios" data-provider="scenarios" finished-at="2023-07-31T23:45:03 CDT" duration-ms="294" status="PASS">
          <params>
            <param index="0">
[...]
              </value>
            </param>
            <param index="1">
              <value>
                <![CDATA["Tree"]]>
              </value>
            </param>
          </params>
          <reporter-output>
          </reporter-output>
        </test-method> <!-- runScenario -->
        <test-method signature="runScenario(io.cucumber.testng.PickleWrapper,io.cucumber.testng.FeatureWrapper)[pri:0, instance:testrunners.MyTestRunner@5fbe4146]" started-at="2023-07-31T23:45:41 CDT" name="runScenario" description="Runs Cucumber Scenarios" data-provider="scenarios" finished-at="2023-07-31T23:45:42 CDT" duration-ms="1029" status="PASS">
          <params>
            <param index="0">
              <value>
                <![CDATA["The user is able to navigate to Terminologies"]]>
              </value>
            </param>
            <param index="1">
              <value>
                <![CDATA["Tree"]]>
              </value>
            </param>
          </params>
          <reporter-output>
          </reporter-output>
        </test-method> <!-- runScenario -->
        <test-method signature="runScenario(io.cucumber.testng.PickleWrapper,io.cucumber.testng.FeatureWrapper)[pri:0, instance:testrunners.MyTestRunner@5fbe4146]" started-at="2023-07-31T23:45:42 CDT" name="runScenario" description="Runs Cucumber Scenarios" data-provider="scenarios" finished-at="2023-07-31T23:45:43 CDT" duration-ms="889" status="PASS">
          <params>
            <param index="0">
              <value>
                <![CDATA["The user is able to navigate to Terminologies"]]>
              </value>
            </param>
            <param index="1">
              <value>
                <![CDATA["Tree"]]>
              </value>
            </param>
          </params>
          <reporter-output>
          </reporter-output>
        </test-method> <!-- runScenario -->
        <test-method signature="runScenario(io.cucumber.testng.PickleWrapper,io.cucumber.testng.FeatureWrapper)[pri:0, instance:testrunners.MyTestRunner@5fbe4146]" started-at="2023-07-31T23:45:43 CDT" name="runScenario" description="Runs Cucumber Scenarios" data-provider="scenarios" finished-at="2023-07-31T23:45:44 CDT" duration-ms="854" status="PASS">
          <params>
            <param index="0">
              <value>
                <![CDATA["The user is able to navigate to Terminologies"]]>
              </value>
            </param>
            <param index="1">
              <value>
                <![CDATA["Tree"]]>
              </value>
            </param>
          </params>
          <reporter-output>
          </reporter-output>
        </test-method> <!-- runScenario -->
        <test-method signature="runScenario(io.cucumber.testng.PickleWrapper,io.cucumber.testng.FeatureWrapper)[pri:0, instance:testrunners.MyTestRunner@5fbe4146]" started-at="2023-07-31T23:45:44 CDT" name="runScenario" description="Runs Cucumber Scenarios" data-provider="scenarios" finished-at="2023-07-31T23:45:45 CDT" duration-ms="1061" status="PASS">
          <params>
            <param index="0">
              <value>
                <![CDATA["The user is able to navigate to Terminologies"]]>
              </value>
            </param>
            <param index="1">
              <value>
                <![CDATA["Tree"]]>
              </value>
            </param>
          </params>
          <reporter-output>
          </reporter-output>
        </test-method> <!-- runScenario -->
        <test-method signature="runScenario(io.cucumber.testng.PickleWrapper,io.cucumber.testng.FeatureWrapper)[pri:0, instance:testrunners.MyTestRunner@5fbe4146]" started-at="2023-07-31T23:45:45 CDT" name="runScenario" description="Runs Cucumber Scenarios" data-provider="scenarios" finished-at="2023-07-31T23:45:46 CDT" duration-ms="1065" status="PASS">
          <params>
            <param index="0">
              <value>
                <![CDATA["The user is able to navigate to Terminologies"]]>
              </value>
            </param>
            <param index="1">
              <value>
                <![CDATA["Tree"]]>
              </value>
            </param>
          </params>
          <reporter-output>
          </reporter-output>
        </test-method> <!-- runScenario -->
        <test-method signature="runScenario(io.cucumber.testng.PickleWrapper,io.cucumber.testng.FeatureWrapper)[pri:0, instance:testrunners.MyTestRunner@5fbe4146]" started-at="2023-07-31T23:45:46 CDT" name="runScenario" description="Runs Cucumber Scenarios" data-provider="scenarios" finished-at="2023-07-31T23:45:47 CDT" duration-ms="1051" status="PASS">
          <params>
            <param index="0">
              <value>
                <![CDATA["The user is able to navigate to Terminologies"]]>
              </value>
            </param>
            <param index="1">
              <value>
                <![CDATA["Tree"]]>
              </value>
            </param>
          </params>
          <reporter-output>
          </reporter-output>
        </test-method> <!-- runScenario -->
        <test-method signature="runScenario(io.cucumber.testng.PickleWrapper,io.cucumber.testng.FeatureWrapper)[pri:0, instance:testrunners.MyTestRunner@5fbe4146]" started-at="2023-07-31T23:45:47 CDT" name="runScenario" description="Runs Cucumber Scenarios" data-provider="scenarios" finished-at="2023-07-31T23:45:48 CDT" duration-ms="897" status="PASS">
          <params>
            <param index="0">
              <value>
                <![CDATA["The user is able to navigate to Terminologies"]]>
              </value>
            </param>
            <param index="1">
              <value>
                <![CDATA["Tree"]]>
              </value>
            </param>
          </params>
          <reporter-output>
          </reporter-output>
        </test-method> <!-- runScenario -->
        <test-method signature="runScenario(io.cucumber.testng.PickleWrapper,io.cucumber.testng.FeatureWrapper)[pri:0, instance:testrunners.MyTestRunner@5fbe4146]" started-at="2023-07-31T23:45:48 CDT" name="runScenario" description="Runs Cucumber Scenarios" data-provider="scenarios" finished-at="2023-07-31T23:45:49 CDT" duration-ms="1043" status="PASS">
          <params>
            <param index="0">
              <value>
                <![CDATA["The user is able to navigate to Terminologies"]]>
              </value>
            </param>
            <param index="1">
              <value>
                <![CDATA["Tree"]]>
              </value>
            </param>
          </params>
          <reporter-output>
          </reporter-output>
        </test-method> <!-- runScenario -->
        <test-method signature="runScenario(io.cucumber.testng.PickleWrapper,io.cucumber.testng.FeatureWrapper)[pri:0, instance:testrunners.MyTestRunner@5fbe4146]" started-at="2023-07-31T23:45:49 CDT" name="runScenario" description="Runs Cucumber Scenarios" data-provider="scenarios" finished-at="2023-07-31T23:45:50 CDT" duration-ms="1067" status="PASS">
          <params>
            <param index="0">
              <value>
                <![CDATA["The user is able to navigate to Terminologies"]]>
              </value>
            </param>
            <param index="1">
              <value>
                <![CDATA["Tree"]]>
              </value>
            </param>
          </params>
          <reporter-output>
          </reporter-output>
        </test-method> <!-- runScenario -->
        <test-method signature="runScenario(io.cucumber.testng.PickleWrapper,io.cucumber.testng.FeatureWrapper)[pri:0, instance:testrunners.MyTestRunner@5fbe4146]" started-at="2023-07-31T23:45:50 CDT" name="runScenario" description="Runs Cucumber Scenarios" data-provider="scenarios" finished-at="2023-07-31T23:45:51 CDT" duration-ms="871" status="PASS">
          <params>
            <param index="0">
              <value>
                <![CDATA["The user is able to navigate to Terminologies"]]>
              </value>
            </param>
            <param index="1">
              <value>
                <![CDATA["Tree"]]>
              </value>
            </param>
          </params>
          <reporter-output>
          </reporter-output>
        </test-method> <!-- runScenario -->
        <test-method signature="runScenario(io.cucumber.testng.PickleWrapper,io.cucumber.testng.FeatureWrapper)[pri:0, instance:testrunners.MyTestRunner@5fbe4146]" started-at="2023-07-31T23:45:51 CDT" name="runScenario" description="Runs Cucumber Scenarios" data-provider="scenarios" finished-at="2023-07-31T23:45:52 CDT" duration-ms="811" status="PASS">
          <params>
            <param index="0">
              <value>
                <![CDATA["The user is able to navigate to Terminologies"]]>
              </value>
            </param>
            <param index="1">
              <value>
                <![CDATA["Tree"]]>
              </value>
            </param>
          </params>
          <reporter-output>
          </reporter-output>
        </test-method> <!-- runScenario -->
        <test-method signature="runScenario(io.cucumber.testng.PickleWrapper,io.cucumber.testng.FeatureWrapper)[pri:0, instance:testrunners.MyTestRunner@5fbe4146]" started-at="2023-07-31T23:45:52 CDT" name="runScenario" description="Runs Cucumber Scenarios" data-provider="scenarios" finished-at="2023-07-31T23:45:53 CDT" duration-ms="931" status="PASS">
          <params>
            <param index="0">
              <value>
                <![CDATA["The user is able to navigate to Terminologies"]]>
              </value>
            </param>
            <param index="1">
              <value>
                <![CDATA["Tree"]]>
              </value>
            </param>
          </params>
          <reporter-output>
          </reporter-output>
        </test-method> <!-- runScenario -->
        <test-method signature="runScenario(io.cucumber.testng.PickleWrapper,io.cucumber.testng.FeatureWrapper)[pri:0, instance:testrunners.MyTestRunner@5fbe4146]" started-at="2023-07-31T23:45:53 CDT" name="runScenario" description="Runs Cucumber Scenarios" data-provider="scenarios" finished-at="2023-07-31T23:45:53 CDT" duration-ms="352" status="PASS">
          <params>
            <param index="0">
              <value>
                <![CDATA["The user is able to navigate to all Tree Pages"]]>
              </value>
            </param>
            <param index="1">
              <value>
                <![CDATA["Tree"]]>
              </value>
            </param>
          </params>
          <reporter-output>
          </reporter-output>
        </test-method> <!-- runScenario -->
        <test-method signature="runScenario(io.cucumber.testng.PickleWrapper,io.cucumber.testng.FeatureWrapper)[pri:0, instance:testrunners.MyTestRunner@5fbe4146]" started-at="2023-07-31T23:45:53 CDT" name="runScenario" description="Runs Cucumber Scenarios" data-provider="scenarios" finished-at="2023-07-31T23:45:54 CDT" duration-ms="371" status="PASS">
          <params>
            <param index="0">
              <value>
                <![CDATA["The user is able to navigate to all Tree Pages"]]>
              </value>
            </param>
            <param index="1">
              <value>
                <![CDATA["Tree"]]>
              </value>
            </param>
          </params>
          <reporter-output>
          </reporter-output>
        </test-method> <!-- runScenario -->
        <test-method signature="runScenario(io.cucumber.testng.PickleWrapper,io.cucumber.testng.FeatureWrapper)[pri:0, instance:testrunners.MyTestRunner@5fbe4146]" started-at="2023-07-31T23:45:54 CDT" name="runScenario" description="Runs Cucumber Scenarios" data-provider="scenarios" finished-at="2023-07-31T23:45:54 CDT" duration-ms="346" status="PASS">
          <params>
            <param index="0">
              <value>
                <![CDATA["The user is able to navigate to all Tree Pages"]]>
              </value>
            </param>
            <param index="1">
              <value>
                <![CDATA["Tree"]]>
              </value>
            </param>
          </params>
          <reporter-output>
          </reporter-output>
        </test-method> <!-- runScenario -->
        <test-method signature="runScenario(io.cucumber.testng.PickleWrapper,io.cucumber.testng.FeatureWrapper)[pri:0, instance:testrunners.MyTestRunner@5fbe4146]" started-at="2023-07-31T23:45:54 CDT" name="runScenario" description="Runs Cucumber Scenarios" data-provider="scenarios" finished-at="2023-07-31T23:45:54 CDT" duration-ms="353" status="PASS">
          <params>
            <param index="0">
              <value>
                <![CDATA["The user is able to navigate to all Tree Pages"]]>
              </value>
            </param>
            <param index="1">
              <value>
                <![CDATA["Tree"]]>
              </value>
            </param>
          </params>
          <reporter-output>
          </reporter-output>
        </test-method> <!-- runScenario -->
        <test-method signature="runScenario(io.cucumber.testng.PickleWrapper,io.cucumber.testng.FeatureWrapper)[pri:0, instance:testrunners.MyTestRunner@5fbe4146]" started-at="2023-07-31T23:45:54 CDT" name="runScenario" description="Runs Cucumber Scenarios" data-provider="scenarios" finished-at="2023-07-31T23:45:55 CDT" duration-ms="378" status="PASS">
          <params>
            <param index="0">
              <value>
                <![CDATA["The user is able to navigate to all Tree Pages"]]>
              </value>
            </param>
            <param index="1">
              <value>
                <![CDATA["Tree"]]>
              </value>
            </param>
          </params>
          <reporter-output>
          </reporter-output>
        </test-method> <!-- runScenario -->
        <test-method signature="runScenario(io.cucumber.testng.PickleWrapper,io.cucumber.testng.FeatureWrapper)[pri:0, instance:testrunners.MyTestRunner@5fbe4146]" started-at="2023-07-31T23:45:55 CDT" name="runScenario" description="Runs Cucumber Scenarios" data-provider="scenarios" finished-at="2023-07-31T23:45:55 CDT" duration-ms="303" status="PASS">
          <params>
            <param index="0">
              <value>
                <![CDATA["The user is able to navigate to all Tree Pages"]]>
              </value>
            </param>
            <param index="1">
              <value>
                <![CDATA["Tree"]]>
              </value>
            </param>
          </params>
          <reporter-output>
          </reporter-output>
        </test-method> <!-- runScenario -->
        <test-method signature="runScenario(io.cucumber.testng.PickleWrapper,io.cucumber.testng.FeatureWrapper)[pri:0, instance:testrunners.MyTestRunner@5fbe4146]" started-at="2023-07-31T23:45:55 CDT" name="runScenario" description="Runs Cucumber Scenarios" data-provider="scenarios" finished-at="2023-07-31T23:45:55 CDT" duration-ms="333" status="PASS">
          <params>
            <param index="0">
              <value>
                <![CDATA["The user is able to navigate to all Tree Pages"]]>
              </value>
            </param>
            <param index="1">
              <value>
                <![CDATA["Tree"]]>
              </value>
            </param>
          </params>
          <reporter-output>
          </reporter-output>
        </test-method> <!-- runScenario -->
        <test-method signature="runScenario(io.cucumber.testng.PickleWrapper,io.cucumber.testng.FeatureWrapper)[pri:0, instance:testrunners.MyTestRunner@5fbe4146]" started-at="2023-07-31T23:45:55 CDT" name="runScenario" description="Runs Cucumber Scenarios" data-provider="scenarios" finished-at="2023-07-31T23:45:56 CDT" duration-ms="364" status="PASS">
          <params>
            <param index="0">
              <value>
                <![CDATA["The user is able to navigate to all Tree Pages"]]>
              </value>
            </param>
            <param index="1">
              <value>
                <![CDATA["Tree"]]>
              </value>
            </param>
          </params>
          <reporter-output>
          </reporter-output>
        </test-method> <!-- runScenario -->
        <test-method signature="runScenario(io.cucumber.testng.PickleWrapper,io.cucumber.testng.FeatureWrapper)[pri:0, instance:testrunners.MyTestRunner@5fbe4146]" started-at="2023-07-31T23:45:56 CDT" name="runScenario" description="Runs Cucumber Scenarios" data-provider="scenarios" finished-at="2023-07-31T23:45:56 CDT" duration-ms="292" status="PASS">
          <params>
            <param index="0">
              <value>
                <![CDATA["The user is able to navigate to all Tree Pages"]]>
              </value>
            </param>
            <param index="1">
              <value>
                <![CDATA["Tree"]]>
              </value>
            </param>
          </params>
          <reporter-output>
          </reporter-output>
        </test-method> <!-- runScenario -->
        <test-method signature="runScenario(io.cucumber.testng.PickleWrapper,io.cucumber.testng.FeatureWrapper)[pri:0, instance:testrunners.MyTestRunner@5fbe4146]" started-at="2023-07-31T23:45:56 CDT" name="runScenario" description="Runs Cucumber Scenarios" data-provider="scenarios" finished-at="2023-07-31T23:45:56 CDT" duration-ms="276" status="PASS">
          <params>
            <param index="0">
              <value>
                <![CDATA["The user is able to navigate to all Tree Pages"]]>
              </value>
            </param>
            <param index="1">
              <value>
                <![CDATA["Tree"]]>
              </value>
            </param>
          </params>
          <reporter-output>
          </reporter-output>
        </test-method> <!-- runScenario -->
        <test-method signature="runScenario(io.cucumber.testng.PickleWrapper,io.cucumber.testng.FeatureWrapper)[pri:0, instance:testrunners.MyTestRunner@5fbe4146]" started-at="2023-07-31T23:45:56 CDT" name="runScenario" description="Runs Cucumber Scenarios" data-provider="scenarios" finished-at="2023-07-31T23:45:57 CDT" duration-ms="383" status="PASS">
          <params>
            <param index="0">
              <value>
                <![CDATA["The user is able to navigate to all Tree Pages"]]>
              </value>
            </param>
            <param index="1">
              <value>
                <![CDATA["Tree"]]>
              </value>
            </param>
          </params>
          <reporter-output>
          </reporter-output>
        </test-method> <!-- runScenario -->
        <test-method signature="runScenario(io.cucumber.testng.PickleWrapper,io.cucumber.testng.FeatureWrapper)[pri:0, instance:testrunners.MyTestRunner@5fbe4146]" started-at="2023-07-31T23:45:57 CDT" name="runScenario" description="Runs Cucumber Scenarios" data-provider="scenarios" finished-at="2023-07-31T23:45:57 CDT" duration-ms="291" status="PASS">
          <params>
            <param index="0">
              <value>
                <![CDATA["The user is able to navigate to all Tree Pages"]]>
              </value>
            </param>
            <param index="1">
              <value>
                <![CDATA["Tree"]]>
              </value>
            </param>
          </params>
          <reporter-output>
          </reporter-output>
        </test-method> <!-- runScenario -->
        <test-method is-config="true" signature="tearDownClass()[pri:0, instance:testrunners.MyTestRunner@5fbe4146]" started-at="2023-07-31T23:45:57 CDT" name="tearDownClass" finished-at="2023-07-31T23:46:20 CDT" duration-ms="22721" status="PASS">
          <reporter-output>
          </reporter-output>
        </test-method> <!-- tearDownClass -->
      </class> <!-- testrunners.MyTestRunner -->
    </test> <!-- Default test -->
  </suite> <!-- Default suite -->
</testng-results>
